1586-539 (I) Loop (loop index 1) at ../../shared/util.h <line 467> was not SIMD vectorized because it contains function calls.
1586-543 (I) <SIMD info> Total number of the innermost loops considered <"1">. Total number of the innermost loops SIMD vectorized <"0">.
    29 |  void QR_tree_2D(double*, long, long, long, long, long, long, long, long, CommData, CommData, CommData, long)(char * A, long long lda_A, long long m, long long k, long long b, long long myRank, long long numPes, long long root_row, long long root_col, aggr20 cdt_row, aggr20 cdt_col, aggr20 cdt_world, long long _stop_at)
    41 |  {
            __es.__l@0 = 0;
            __es.__t@8 = &__fsm_tab;
            __es.__this@10 = NULL;
            __es.__i@18 = 0;
    48 |    $$RET0 = log2((double) cdt_col.np@4);
    51 |    if (!(_stop_at >= 0ll)) goto lab_8;
    52 |    if (!(min(m,k) < _stop_at)) goto lab_11;
            __49 = min(m,k);
            goto lab_12;
          lab_11:
            __49 = _stop_at;
          lab_12:
            stop_at = __49;
    53 |    goto lab_19;
          lab_8:
    54 |    stop_at = min(m,k);
    55 |  lab_19:
    57 |    R = malloc((unsigned long long) (8ll * (b * b)));
    58 |    Y = malloc((unsigned long long) (8ll * (((long long) cdt_col.rank@8 < root_row ? (b * root_row + m) / (long long) cdt_col.np@4 - b : (b * root_row + m) / (long long) cdt_col.np@4) * b)));
    59 |    tau = malloc((unsigned long long) (b * 8ll));
    60 |    tree_data = malloc((unsigned long long) ((long long) ((double) (min(b,16ll) * b + (long long) ((((int) b + 1) * (int) b) / 2)) * ($$RET0 +  2.0000000000000000E+000)) * 8ll));
    62 |    CTF_Timer::CTF_Timer(char const*)(&t,"TSQR");
            __es.__c4@3 = 1u;
            CTF_Timer::start()(&t)
            __es.__c4@3 = 0u;
            CTF_Timer::~CTF_Timer()(&t);
    63 |    if (!(root_col == (long long) cdt_row.rank@8)) goto lab_26;
    64 |    bitree_tsqr(double*, long, double*, double*, long, long, long, long, long, long, CommData, long, double*)(A,lda_A,R,tau,m,min(stop_at,b),(long long) cdt_col.rank@8,(long long) cdt_col.np@4,root_row,0ll,cdt_col,1ll,tree_data)
    66 |    if (!(root_row == (long long) cdt_col.rank@8)) goto lab_31;
    67 |    copy_upper(double const*, double*, int, int, int, int)(R,A,(int) b,(int) b,(int) lda_A,0)
          lab_31:
    68 |  lab_26:
    70 |    if (m - b > 0ll) goto lab_34;
            if (!(k - b > 0ll)) goto lab_33;
          lab_34:
    71 |    if (!(root_col == (long long) cdt_row.rank@8)) goto lab_84;
    72 |    void lda_cpy<double>(int, int, int, int, double const*, double*)((int) ((long long) cdt_col.rank@8 < root_row ? (b * root_row + m) / (long long) cdt_col.np@4 - b : (b * root_row + m) / (long long) cdt_col.np@4),(int) b,(int) lda_A,(int) ((long long) cdt_col.rank@8 < root_row ? (b * root_row + m) / (long long) cdt_col.np@4 - b : (b * root_row + m) / (long long) cdt_col.np@4),A,Y)
            goto lab_36;
          lab_84:
            CTF_Timer::CTF_Timer(char const*)(&__t,"MPI_Barrier");
            __es.__c4@3 = 2u;
            CTF_Timer::start()(&__t)
            PMPI_Barrier(cdt_world.cm@0);
            CTF_Timer::stop()(&__t)
            __es.__c4@3 = 0u;
            CTF_Timer::~CTF_Timer()(&__t);
            CTF_Timer::CTF_Timer(char const*)(&t,"TSQR");
            __es.__c4@3 = 3u;
            CTF_Timer::stop()(&t)
            __es.__c4@3 = 0u;
            CTF_Timer::~CTF_Timer()(&t);
            CTF_Timer::CTF_Timer(char const*)(&t,"Bcast_update");
            __es.__c4@3 = 4u;
            CTF_Timer::start()(&t)
            __es.__c4@3 = 0u;
            CTF_Timer::~CTF_Timer()(&t);
            CTF_Timer::CTF_Timer(char const*)(&__t,"MPI_Bcast");
            __es.__c4@3 = 5u;
            CTF_Timer::start()(&__t)
            PMPI_Bcast(Y,(int) (((long long) cdt_col.rank@8 < root_row ? (b * root_row + m) / (long long) cdt_col.np@4 - b : (b * root_row + m) / (long long) cdt_col.np@4) * b),1275070475,(int) root_col,cdt_row.cm@0);
            CTF_Timer::stop()(&__t)
            __es.__c4@3 = 0u;
            CTF_Timer::~CTF_Timer()(&__t);
            CTF_Timer::CTF_Timer(char const*)(&__t,"MPI_Bcast");
            __es.__c4@3 = 6u;
            CTF_Timer::start()(&__t)
            PMPI_Bcast(tree_data,(int) ((long long) ((double) (min(b,16ll) * b + (long long) ((((int) b + 1) * (int) b) / 2)) * ($$RET0 +  2.0000000000000000E+000))),1275070475,(int) root_col,cdt_row.cm@0);
            CTF_Timer::stop()(&__t)
            __es.__c4@3 = 0u;
            CTF_Timer::~CTF_Timer()(&__t);
            CTF_Timer::CTF_Timer(char const*)(&__t,"MPI_Bcast");
            __es.__c4@3 = 7u;
            CTF_Timer::start()(&__t)
            PMPI_Bcast(tau,(int) b,1275070475,(int) root_col,cdt_row.cm@0);
            CTF_Timer::stop()(&__t)
            __es.__c4@3 = 0u;
            CTF_Timer::~CTF_Timer()(&__t);
            CTF_Timer::CTF_Timer(char const*)(&t,"Bcast_update");
            __es.__c4@3 = 8u;
            CTF_Timer::stop()(&t)
            __es.__c4@3 = 0u;
            CTF_Timer::~CTF_Timer()(&t);
            CTF_Timer::CTF_Timer(char const*)(&__t,"MPI_Barrier");
            __es.__c4@3 = 9u;
            CTF_Timer::start()(&__t)
            PMPI_Barrier(cdt_world.cm@0);
            CTF_Timer::stop()(&__t)
            __es.__c4@3 = 0u;
            CTF_Timer::~CTF_Timer()(&__t);
            move_ptr = 0ll;
            goto lab_62;
          lab_36:
    73 |    CTF_Timer::CTF_Timer(char const*)(&__t,"MPI_Barrier");
            __es.__c4@3 = 2u;
            CTF_Timer::start()(&__t)
            PMPI_Barrier(cdt_world.cm@0);
            CTF_Timer::stop()(&__t)
            __es.__c4@3 = 0u;
            CTF_Timer::~CTF_Timer()(&__t);
    74 |    CTF_Timer::CTF_Timer(char const*)(&t,"TSQR");
            __es.__c4@3 = 3u;
            CTF_Timer::stop()(&t)
            __es.__c4@3 = 0u;
            CTF_Timer::~CTF_Timer()(&t);
    75 |    CTF_Timer::CTF_Timer(char const*)(&t,"Bcast_update");
            __es.__c4@3 = 4u;
            CTF_Timer::start()(&t)
            __es.__c4@3 = 0u;
            CTF_Timer::~CTF_Timer()(&t);
    76 |    CTF_Timer::CTF_Timer(char const*)(&__t,"MPI_Bcast");
            __es.__c4@3 = 5u;
            CTF_Timer::start()(&__t)
            PMPI_Bcast(Y,(int) (((long long) cdt_col.rank@8 < root_row ? (b * root_row + m) / (long long) cdt_col.np@4 - b : (b * root_row + m) / (long long) cdt_col.np@4) * b),1275070475,(int) root_col,cdt_row.cm@0);
            CTF_Timer::stop()(&__t)
            __es.__c4@3 = 0u;
            CTF_Timer::~CTF_Timer()(&__t);
    77 |    CTF_Timer::CTF_Timer(char const*)(&__t,"MPI_Bcast");
            __es.__c4@3 = 6u;
            CTF_Timer::start()(&__t)
            PMPI_Bcast(tree_data,(int) ((long long) ((double) (min(b,16ll) * b + (long long) ((((int) b + 1) * (int) b) / 2)) * ($$RET0 +  2.0000000000000000E+000))),1275070475,(int) root_col,cdt_row.cm@0);
            CTF_Timer::stop()(&__t)
            __es.__c4@3 = 0u;
            CTF_Timer::~CTF_Timer()(&__t);
    78 |    CTF_Timer::CTF_Timer(char const*)(&__t,"MPI_Bcast");
            __es.__c4@3 = 7u;
            CTF_Timer::start()(&__t)
            PMPI_Bcast(tau,(int) b,1275070475,(int) root_col,cdt_row.cm@0);
            CTF_Timer::stop()(&__t)
            __es.__c4@3 = 0u;
            CTF_Timer::~CTF_Timer()(&__t);
    79 |    CTF_Timer::CTF_Timer(char const*)(&t,"Bcast_update");
            __es.__c4@3 = 8u;
            CTF_Timer::stop()(&t)
            __es.__c4@3 = 0u;
            CTF_Timer::~CTF_Timer()(&t);
    80 |    CTF_Timer::CTF_Timer(char const*)(&__t,"MPI_Barrier");
            __es.__c4@3 = 9u;
            CTF_Timer::start()(&__t)
            PMPI_Barrier(cdt_world.cm@0);
            CTF_Timer::stop()(&__t)
            __es.__c4@3 = 0u;
            CTF_Timer::~CTF_Timer()(&__t);
    83 |    move_ptr = lda_A * b;
    84 |  lab_62:
    95 |    CTF_Timer::CTF_Timer(char const*)(&t,"schur_tree_Q");
            __es.__c4@3 = 10u;
            CTF_Timer::start()(&t)
            __es.__c4@3 = 0u;
            CTF_Timer::~CTF_Timer()(&t);
    96 |    if (!(((long long) cdt_row.rank@8 <= root_col ? (b * root_col + k) / (long long) cdt_row.np@4 - b : (b * root_col + k) / (long long) cdt_row.np@4) > 0ll)) goto lab_67;
    97 |    apply_tsqr_QT(double const*, long, double const*, double*, long, long, long, long, long, long, long, CommData, double*)(Y,((long long) cdt_col.rank@8 < root_row ? (b * root_row + m) / (long long) cdt_col.np@4 - b : (b * root_row + m) / (long long) cdt_col.np@4),tau,((char *)A  + move_ptr * 8ll),lda_A,m,b,((long long) cdt_row.rank@8 <= root_col ? (b * root_col + k) / (long long) cdt_row.np@4 - b : (b * root_col + k) / (long long) cdt_row.np@4),(long long) cdt_col.rank@8,(long long) cdt_col.np@4,root_row,cdt_col,tree_data)
          lab_67:
   107 |    CTF_Timer::CTF_Timer(char const*)(&__t,"MPI_Barrier");
            __es.__c4@3 = 11u;
            CTF_Timer::start()(&__t)
            PMPI_Barrier(cdt_world.cm@0);
            CTF_Timer::stop()(&__t)
            __es.__c4@3 = 0u;
            CTF_Timer::~CTF_Timer()(&__t);
   108 |    CTF_Timer::CTF_Timer(char const*)(&t,"schur_tree_Q");
            __es.__c4@3 = 12u;
            CTF_Timer::stop()(&t)
            __es.__c4@3 = 0u;
            CTF_Timer::~CTF_Timer()(&t);
   113 |    if (!(b < stop_at)) goto lab_77;
   114 |    QR_tree_2D(double*, long, long, long, long, long, long, long, long, CommData, CommData, CommData, long)(((char *)A  + (root_row == (long long) cdt_col.rank@8 ? move_ptr + b : move_ptr) * 8ll),lda_A,m - b,k - b,b,myRank,numPes,(root_row + 1ll) % (long long) cdt_col.np@4,(root_col + 1ll) % (long long) cdt_row.np@4,cdt_row,cdt_col,cdt_world,stop_at - b)
          lab_77:
   120 |  lab_33:
   121 |    return;
          } /* function */ 


   460 |  void void lda_cpy<double>(int, int, int, int, double const*, double*)(int nrow, int ncol, int lda_A, int lda_B, char * A, char * B)
   462 |  {
   463 |    if (!(lda_A == nrow)) goto lab_1;
            if (!(lda_B == nrow)) goto lab_1;
   464 |    __builtin_memcpy(B,A,(unsigned long long) (nrow * ncol) * 8ull);
   465 |    goto lab_4;
          lab_1:
   467 |    if (!(0 < ncol)) goto lab_7;
            $$CIV0 = 0ll;
            do {   /* id=1 guarded */ /* ~5 */ 
              /* region = 13 */
              /* bump-normalized */
   468 |      __builtin_memcpy(((char *)B  + ((long long) lda_B * $$CIV0) * 8ll),((char *)A  + ((long long) lda_A * $$CIV0) * 8ll),(unsigned long long) nrow * 8ull);
   467 |      $$CIV0 = $$CIV0 + 1ll;
            } while ((unsigned long long) $$CIV0 < (unsigned long long) ((long long) ncol));    /* ~5 */
          lab_7:
   470 |  lab_4:
   471 |    return;
          } /* function */ 



Source        Source        Loop Id       Action / Information                                      
File          Line                                                                                  
----------    ----------    ----------    ----------------------------------------------------------
       114           467             1    Loop was not SIMD vectorized because it contains 
                                          function calls.

          void __sinit65535()()
          {
    72 |    std::ios_base::Init::Init()(&__ioinit);
            __cxa_atexit(&__srterm__0(),NULL,&__dso_handle);
            return;
          } /* function */ 


          void __srterm__0()()
          {
    72 |    std::ios_base::Init::~Init()(&__ioinit);
            return;
          } /* function */ 


    29 |  void QR_tree_2D(double*, long, long, long, long, long, long, long, long, CommData, CommData, CommData, long)(char * A, long long lda_A, long long m, long long k, long long b, long long myRank, long long numPes, long long root_row, long long root_col, aggr20 cdt_row, aggr20 cdt_col, aggr20 cdt_world, long long _stop_at)
    41 |  {
            __es.__l@0 = 0;
            __es.__t@8 = &__fsm_tab;
            __es.__this@10 = NULL;
            __es.__i@18 = 0;
    48 |    $$RET0 = log2((double) cdt_col.np@4);
    51 |    if (!(_stop_at >= 0ll)) goto lab_8;
    52 |    if (!(min(m,k) < _stop_at)) goto lab_11;
            __49 = min(m,k);
            goto lab_12;
          lab_11:
            __49 = _stop_at;
          lab_12:
            stop_at = __49;
    53 |    goto lab_19;
          lab_8:
    54 |    stop_at = min(m,k);
    55 |  lab_19:
    57 |    R = malloc((unsigned long long) (8ll * (b * b)));
    58 |    Y = malloc((unsigned long long) (8ll * (((long long) cdt_col.rank@8 < root_row ? (b * root_row + m) / (long long) cdt_col.np@4 - b : (b * root_row + m) / (long long) cdt_col.np@4) * b)));
    59 |    tau = malloc((unsigned long long) (b * 8ll));
    60 |    tree_data = malloc((unsigned long long) ((long long) ((double) (min(b,16ll) * b + (long long) ((((int) b + 1) * (int) b) / 2)) * ($$RET0 +  2.0000000000000000E+000)) * 8ll));
    62 |    CTF_Timer::CTF_Timer(char const*)(&t,"TSQR");
            __es.__c4@3 = 1u;
            CTF_Timer::start()(&t)
            __es.__c4@3 = 0u;
            CTF_Timer::~CTF_Timer()(&t);
    63 |    if (!(root_col == (long long) cdt_row.rank@8)) goto lab_26;
    64 |    bitree_tsqr(double*, long, double*, double*, long, long, long, long, long, long, CommData, long, double*)(A,lda_A,R,tau,m,min(stop_at,b),(long long) cdt_col.rank@8,(long long) cdt_col.np@4,root_row,0ll,cdt_col,1ll,tree_data)
    66 |    if (!(root_row == (long long) cdt_col.rank@8)) goto lab_31;
    67 |    copy_upper(double const*, double*, int, int, int, int)(R,A,(int) b,(int) b,(int) lda_A,0)
          lab_31:
    68 |  lab_26:
    70 |    if (m - b > 0ll) goto lab_34;
            if (!(k - b > 0ll)) goto lab_33;
          lab_34:
    71 |    if (!(root_col == (long long) cdt_row.rank@8)) goto lab_84;
    72 |    void lda_cpy<double>(int, int, int, int, double const*, double*)((int) ((long long) cdt_col.rank@8 < root_row ? (b * root_row + m) / (long long) cdt_col.np@4 - b : (b * root_row + m) / (long long) cdt_col.np@4),(int) b,(int) lda_A,(int) ((long long) cdt_col.rank@8 < root_row ? (b * root_row + m) / (long long) cdt_col.np@4 - b : (b * root_row + m) / (long long) cdt_col.np@4),A,Y)
            goto lab_36;
          lab_84:
            CTF_Timer::CTF_Timer(char const*)(&__t,"MPI_Barrier");
            __es.__c4@3 = 2u;
            CTF_Timer::start()(&__t)
            PMPI_Barrier(cdt_world.cm@0);
            CTF_Timer::stop()(&__t)
            __es.__c4@3 = 0u;
            CTF_Timer::~CTF_Timer()(&__t);
            CTF_Timer::CTF_Timer(char const*)(&t,"TSQR");
            __es.__c4@3 = 3u;
            CTF_Timer::stop()(&t)
            __es.__c4@3 = 0u;
            CTF_Timer::~CTF_Timer()(&t);
            CTF_Timer::CTF_Timer(char const*)(&t,"Bcast_update");
            __es.__c4@3 = 4u;
            CTF_Timer::start()(&t)
            __es.__c4@3 = 0u;
            CTF_Timer::~CTF_Timer()(&t);
            CTF_Timer::CTF_Timer(char const*)(&__t,"MPI_Bcast");
            __es.__c4@3 = 5u;
            CTF_Timer::start()(&__t)
            PMPI_Bcast(Y,(int) (((long long) cdt_col.rank@8 < root_row ? (b * root_row + m) / (long long) cdt_col.np@4 - b : (b * root_row + m) / (long long) cdt_col.np@4) * b),1275070475,(int) root_col,cdt_row.cm@0);
            CTF_Timer::stop()(&__t)
            __es.__c4@3 = 0u;
            CTF_Timer::~CTF_Timer()(&__t);
            CTF_Timer::CTF_Timer(char const*)(&__t,"MPI_Bcast");
            __es.__c4@3 = 6u;
            CTF_Timer::start()(&__t)
            PMPI_Bcast(tree_data,(int) ((long long) ((double) (min(b,16ll) * b + (long long) ((((int) b + 1) * (int) b) / 2)) * ($$RET0 +  2.0000000000000000E+000))),1275070475,(int) root_col,cdt_row.cm@0);
            CTF_Timer::stop()(&__t)
            __es.__c4@3 = 0u;
            CTF_Timer::~CTF_Timer()(&__t);
            CTF_Timer::CTF_Timer(char const*)(&__t,"MPI_Bcast");
            __es.__c4@3 = 7u;
            CTF_Timer::start()(&__t)
            PMPI_Bcast(tau,(int) b,1275070475,(int) root_col,cdt_row.cm@0);
            CTF_Timer::stop()(&__t)
            __es.__c4@3 = 0u;
            CTF_Timer::~CTF_Timer()(&__t);
            CTF_Timer::CTF_Timer(char const*)(&t,"Bcast_update");
            __es.__c4@3 = 8u;
            CTF_Timer::stop()(&t)
            __es.__c4@3 = 0u;
            CTF_Timer::~CTF_Timer()(&t);
            CTF_Timer::CTF_Timer(char const*)(&__t,"MPI_Barrier");
            __es.__c4@3 = 9u;
            CTF_Timer::start()(&__t)
            PMPI_Barrier(cdt_world.cm@0);
            CTF_Timer::stop()(&__t)
            __es.__c4@3 = 0u;
            CTF_Timer::~CTF_Timer()(&__t);
            move_ptr = 0ll;
            goto lab_62;
          lab_36:
    73 |    CTF_Timer::CTF_Timer(char const*)(&__t,"MPI_Barrier");
            __es.__c4@3 = 2u;
            CTF_Timer::start()(&__t)
            PMPI_Barrier(cdt_world.cm@0);
            CTF_Timer::stop()(&__t)
            __es.__c4@3 = 0u;
            CTF_Timer::~CTF_Timer()(&__t);
    74 |    CTF_Timer::CTF_Timer(char const*)(&t,"TSQR");
            __es.__c4@3 = 3u;
            CTF_Timer::stop()(&t)
            __es.__c4@3 = 0u;
            CTF_Timer::~CTF_Timer()(&t);
    75 |    CTF_Timer::CTF_Timer(char const*)(&t,"Bcast_update");
            __es.__c4@3 = 4u;
            CTF_Timer::start()(&t)
            __es.__c4@3 = 0u;
            CTF_Timer::~CTF_Timer()(&t);
    76 |    CTF_Timer::CTF_Timer(char const*)(&__t,"MPI_Bcast");
            __es.__c4@3 = 5u;
            CTF_Timer::start()(&__t)
            PMPI_Bcast(Y,(int) (((long long) cdt_col.rank@8 < root_row ? (b * root_row + m) / (long long) cdt_col.np@4 - b : (b * root_row + m) / (long long) cdt_col.np@4) * b),1275070475,(int) root_col,cdt_row.cm@0);
            CTF_Timer::stop()(&__t)
            __es.__c4@3 = 0u;
            CTF_Timer::~CTF_Timer()(&__t);
    77 |    CTF_Timer::CTF_Timer(char const*)(&__t,"MPI_Bcast");
            __es.__c4@3 = 6u;
            CTF_Timer::start()(&__t)
            PMPI_Bcast(tree_data,(int) ((long long) ((double) (min(b,16ll) * b + (long long) ((((int) b + 1) * (int) b) / 2)) * ($$RET0 +  2.0000000000000000E+000))),1275070475,(int) root_col,cdt_row.cm@0);
            CTF_Timer::stop()(&__t)
            __es.__c4@3 = 0u;
            CTF_Timer::~CTF_Timer()(&__t);
    78 |    CTF_Timer::CTF_Timer(char const*)(&__t,"MPI_Bcast");
            __es.__c4@3 = 7u;
            CTF_Timer::start()(&__t)
            PMPI_Bcast(tau,(int) b,1275070475,(int) root_col,cdt_row.cm@0);
            CTF_Timer::stop()(&__t)
            __es.__c4@3 = 0u;
            CTF_Timer::~CTF_Timer()(&__t);
    79 |    CTF_Timer::CTF_Timer(char const*)(&t,"Bcast_update");
            __es.__c4@3 = 8u;
            CTF_Timer::stop()(&t)
            __es.__c4@3 = 0u;
            CTF_Timer::~CTF_Timer()(&t);
    80 |    CTF_Timer::CTF_Timer(char const*)(&__t,"MPI_Barrier");
            __es.__c4@3 = 9u;
            CTF_Timer::start()(&__t)
            PMPI_Barrier(cdt_world.cm@0);
            CTF_Timer::stop()(&__t)
            __es.__c4@3 = 0u;
            CTF_Timer::~CTF_Timer()(&__t);
    83 |    move_ptr = lda_A * b;
    84 |  lab_62:
    95 |    CTF_Timer::CTF_Timer(char const*)(&t,"schur_tree_Q");
            __es.__c4@3 = 10u;
            CTF_Timer::start()(&t)
            __es.__c4@3 = 0u;
            CTF_Timer::~CTF_Timer()(&t);
    96 |    if (!(((long long) cdt_row.rank@8 <= root_col ? (b * root_col + k) / (long long) cdt_row.np@4 - b : (b * root_col + k) / (long long) cdt_row.np@4) > 0ll)) goto lab_67;
    97 |    apply_tsqr_QT(double const*, long, double const*, double*, long, long, long, long, long, long, long, CommData, double*)(Y,((long long) cdt_col.rank@8 < root_row ? (b * root_row + m) / (long long) cdt_col.np@4 - b : (b * root_row + m) / (long long) cdt_col.np@4),tau,((char *)A  + move_ptr * 8ll),lda_A,m,b,((long long) cdt_row.rank@8 <= root_col ? (b * root_col + k) / (long long) cdt_row.np@4 - b : (b * root_col + k) / (long long) cdt_row.np@4),(long long) cdt_col.rank@8,(long long) cdt_col.np@4,root_row,cdt_col,tree_data)
          lab_67:
   107 |    CTF_Timer::CTF_Timer(char const*)(&__t,"MPI_Barrier");
            __es.__c4@3 = 11u;
            CTF_Timer::start()(&__t)
            PMPI_Barrier(cdt_world.cm@0);
            CTF_Timer::stop()(&__t)
            __es.__c4@3 = 0u;
            CTF_Timer::~CTF_Timer()(&__t);
   108 |    CTF_Timer::CTF_Timer(char const*)(&t,"schur_tree_Q");
            __es.__c4@3 = 12u;
            CTF_Timer::stop()(&t)
            __es.__c4@3 = 0u;
            CTF_Timer::~CTF_Timer()(&t);
   113 |    if (!(b < stop_at)) goto lab_77;
   114 |    QR_tree_2D(double*, long, long, long, long, long, long, long, long, CommData, CommData, CommData, long)(((char *)A  + (root_row == (long long) cdt_col.rank@8 ? move_ptr + b : move_ptr) * 8ll),lda_A,m - b,k - b,b,myRank,numPes,(root_row + 1ll) % (long long) cdt_col.np@4,(root_col + 1ll) % (long long) cdt_row.np@4,cdt_row,cdt_col,cdt_world,stop_at - b)
          lab_77:
   120 |  lab_33:
   121 |    return;
          } /* function */ 


   460 |  void void lda_cpy<double>(int, int, int, int, double const*, double*)(int nrow, int ncol, int lda_A, int lda_B, char * A, char * B)
   462 |  {
   463 |    if (!(lda_A == nrow)) goto lab_1;
            if (!(lda_B == nrow)) goto lab_1;
   464 |    __builtin_memcpy(B,A,(unsigned long long) (nrow * ncol) * 8ull);
   465 |    goto lab_4;
          lab_1:
   467 |    if (!(0 < ncol)) goto lab_7;
            $$CIV0 = 0ll;
            do {   /* id=1 guarded */ /* ~5 */ 
              /* region = 13 */
              /* bump-normalized */
   468 |      __builtin_memcpy(((char *)B  + ((long long) lda_B * $$CIV0) * 8ll),((char *)A  + ((long long) lda_A * $$CIV0) * 8ll),(unsigned long long) nrow * 8ull);
   467 |      $$CIV0 = $$CIV0 + 1ll;
            } while ((unsigned long long) $$CIV0 < (unsigned long long) ((long long) ncol));    /* ~5 */
          lab_7:
   470 |  lab_4:
   471 |    return;
          } /* function */ 


          void __sinit65535()()
          {
    72 |    std::ios_base::Init::Init()(&__ioinit);
            __cxa_atexit(&__srterm__0(),NULL,&__dso_handle);
            return;
          } /* function */ 


          void __srterm__0()()
          {
    72 |    std::ios_base::Init::~Init()(&__ioinit);
            return;
          } /* function */ 


