1586-534 (I) Loop (loop index 1) at full_to_band_scala.cxx <line 236> was not SIMD vectorized because the loop is not the innermost loop.
1586-535 (I) Loop (loop index 2) at full_to_band_scala.cxx <line 237> was not SIMD vectorized because the aliasing-induced dependence prevents SIMD vectorization.
1586-540 (I) Loop (loop index 2) at full_to_band_scala.cxx <line 237> was not SIMD vectorized because it contains memory references A->(double).rns5.[$$CIV4 + (lda_A * $$CIV5 + (loc_col_offset + loc_row_offset))] = A->(double).rns5.[$$CIV4 + (lda_A * $$CIV5 + (loc_col_offset + loc_row_offset))] - (UVT->(double).rns14.[mb.rnn1 * $$CIV5 + $$CIV4] + VUT->(double).rns17.[$$CIV5 + kb.rnn0 * $$CIV4]); with non-vectorizable strides.
1586-537 (I) Loop (loop index 2) at full_to_band_scala.cxx <line 238> was not SIMD vectorized because it contains operation in A->(double).rns5.[$$CIV4 + (lda_A * $$CIV5 + (loc_col_offset + loc_row_offset))] - (UVT->(double).rns14.[mb.rnn1 * $$CIV5 + $$CIV4] + VUT->(double).rns17.[$$CIV5 + kb.rnn0 * $$CIV4]) which is not suitable for SIMD vectorization.
1586-540 (I) Loop (loop index 2) at full_to_band_scala.cxx <line 238> was not SIMD vectorized because it contains memory references ((char *)VUT + (8ll)*($$CIV5 + kb.rnn0 * $$CIV4)) with non-vectorizable strides.
1586-554 (I) Loop (loop index 2) at full_to_band_scala.cxx <line 238> was not SIMD vectorized because the floating point operation is not vectorizable under -qstrict.
1586-550 (I) Loop (loop index 3) at /bgsys/drivers/toolchain/V1R2M4_base/gnu-linux/lib/gcc/powerpc64-bgq-linux/4.4.7/../../../../powerpc64-bgq-linux/include/c++/4.4.7/bits/stl_algobase.h <line 700> was not SIMD vectorized because it is not profitable to vectorize.
1586-554 (I) Loop (loop index 3) at /bgsys/drivers/toolchain/V1R2M4_base/gnu-linux/lib/gcc/powerpc64-bgq-linux/4.4.7/../../../../powerpc64-bgq-linux/include/c++/4.4.7/bits/stl_algobase.h <line 702> was not SIMD vectorized because the floating point operation is not vectorizable under -qstrict.
1586-550 (I) Loop (loop index 4) at /bgsys/drivers/toolchain/V1R2M4_base/gnu-linux/lib/gcc/powerpc64-bgq-linux/4.4.7/../../../../powerpc64-bgq-linux/include/c++/4.4.7/bits/stl_algobase.h <line 700> was not SIMD vectorized because it is not profitable to vectorize.
1586-554 (I) Loop (loop index 4) at /bgsys/drivers/toolchain/V1R2M4_base/gnu-linux/lib/gcc/powerpc64-bgq-linux/4.4.7/../../../../powerpc64-bgq-linux/include/c++/4.4.7/bits/stl_algobase.h <line 702> was not SIMD vectorized because the floating point operation is not vectorizable under -qstrict.
1586-550 (I) Loop (loop index 5) at /bgsys/drivers/toolchain/V1R2M4_base/gnu-linux/lib/gcc/powerpc64-bgq-linux/4.4.7/../../../../powerpc64-bgq-linux/include/c++/4.4.7/bits/stl_algobase.h <line 700> was not SIMD vectorized because it is not profitable to vectorize.
1586-554 (I) Loop (loop index 5) at /bgsys/drivers/toolchain/V1R2M4_base/gnu-linux/lib/gcc/powerpc64-bgq-linux/4.4.7/../../../../powerpc64-bgq-linux/include/c++/4.4.7/bits/stl_algobase.h <line 702> was not SIMD vectorized because the floating point operation is not vectorizable under -qstrict.
1586-550 (I) Loop (loop index 6) at /bgsys/drivers/toolchain/V1R2M4_base/gnu-linux/lib/gcc/powerpc64-bgq-linux/4.4.7/../../../../powerpc64-bgq-linux/include/c++/4.4.7/bits/stl_algobase.h <line 700> was not SIMD vectorized because it is not profitable to vectorize.
1586-554 (I) Loop (loop index 6) at /bgsys/drivers/toolchain/V1R2M4_base/gnu-linux/lib/gcc/powerpc64-bgq-linux/4.4.7/../../../../powerpc64-bgq-linux/include/c++/4.4.7/bits/stl_algobase.h <line 702> was not SIMD vectorized because the floating point operation is not vectorizable under -qstrict.
1586-543 (I) <SIMD info> Total number of the innermost loops considered <"5">. Total number of the innermost loops SIMD vectorized <"0">.
    32 |  void sym_full2band_scala(double*, long, long, long, long, pview*, int const*, double*, long, long)(long long *A, long long lda_A, long long n, long long b, long long b_sub, char * pv, char * desc_A, char * org_A, long long IA, long long JA)
    41 |  {
            __es.__l@0 = 0;
            __es.__t@8 = &__fsm_tab;
            __es.__this@10 = NULL;
            __es.__i@18 = 0;
            guard___func__50 = 1;
    43 |    if (!(n <= b)) goto lab_2;
            goto lab_123;
          lab_2:
    45 |    CTF_Timer::CTF_Timer(char const*)(&t,"sym_full2band_scala");
            __es.__c4@3 = 1u;
            CTF_Timer::start()(&t)
            __es.__c4@3 = 0u;
            CTF_Timer::~CTF_Timer()(&t);
    56 |    if (((int *)(pv + 4))[8 / 4] == ((int *)(pv + 4))[28 / 4]) goto lab_9;
            __assert_fail("pv->crow.np == pv->ccol.np","full_to_band_scala.cxx",56u,&__func__)
            return;
          lab_9:
    59 |    if (!(0ll == b % b_sub)) goto lab_11;
            if (b >= b_sub) goto lab_12;
          lab_11:
            __assert_fail("b%b_sub == 0 && b>=b_sub","full_to_band_scala.cxx",59u,&__func__)
            return;
          lab_12:
    62 |    preflect = ((int *)(pv + 8))[28 / 4] * ((int *)(pv + 4))[28 / 4] + ((int *)(pv + 8))[8 / 4];
    70 |    loc_row_offset = ((long long) ((((int *)(pv + 8))[28 / 4] + (((int *)(pv + 4))[28 / 4] - *((int *)pv))) % ((int *)(pv + 4))[28 / 4]) < (b / b_sub) % (long long) ((int *)(pv + 4))[28 / 4] ? (b / ((long long) ((int *)(pv + 4))[28 / 4] * b_sub)) * b_sub + b_sub : (b / ((long long) ((int *)(pv + 4))[28 / 4] * b_sub)) * b_sub);
    73 |    loc_col_offset = (b / ((long long) ((int *)(pv + 4))[8 / 4] * b_sub)) * (lda_A * b_sub);
    74 |    if (!((long long) ((((int *)(pv + 8))[8 / 4] + (((int *)(pv + 4))[8 / 4] - *((int *)(pv + 4)))) % ((int *)(pv + 4))[8 / 4]) < (b / b_sub) % (long long) ((int *)(pv + 4))[8 / 4])) goto lab_16;
    75 |    loc_col_offset = (b / ((long long) ((int *)(pv + 4))[8 / 4] * b_sub)) * (lda_A * b_sub) + lda_A * b_sub;
          lab_16:
    81 |    mb.rnn1 = (((long long) (((int *)(pv + 8))[28 / 4] + (((int *)(pv + 4))[28 / 4] - *((int *)pv))) - (b / b_sub) % (long long) ((int *)(pv + 4))[28 / 4]) % (long long) ((int *)(pv + 4))[28 / 4] < ((n - b) / b_sub) % (long long) ((int *)(pv + 4))[28 / 4] ? ((n - b) / b_sub) / (long long) ((int *)(pv + 4))[28 / 4] + 1ll : ((n - b) / b_sub) / (long long) ((int *)(pv + 4))[28 / 4]) * b_sub;
    87 |    kb.rnn0 = (((long long) (((int *)(pv + 8))[8 / 4] + (((int *)(pv + 4))[8 / 4] - *((int *)(pv + 4)))) - (b / b_sub) % (long long) ((int *)(pv + 4))[28 / 4]) % (long long) ((int *)(pv + 4))[8 / 4] < ((n - b) / b_sub) % (long long) ((int *)(pv + 4))[8 / 4] ? ((n - b) / b_sub) / (long long) ((int *)(pv + 4))[8 / 4] + 1ll : ((n - b) / b_sub) / (long long) ((int *)(pv + 4))[8 / 4]) * b_sub;
    98 |    *((int *)pv) = (int) (((long long) *((int *)pv) + b / b_sub) % (long long) ((int *)(pv + 4))[28 / 4]);
   100 |    Y = malloc((unsigned long long) (8ll * (mb.rnn1 * b)));
   700 |    if (!(0ll != 8ll * (mb.rnn1 * b))) goto lab_24;
   702 |    __memset(((char *)Y + (8ll)*((long long) 0)),(long long) 0,((8ll * (mb.rnn1 * b)) / 8ll) * 8ll);
   701 |  lab_24:
   105 |    qr_pv = *((aggr92 *)pv);
   106 |    QR_scala_2D(double*, long, long, long, long, pview*, double*, long, int const*, double*, long, long)(((char *)A  + loc_row_offset * 8ll),lda_A,n - b,b,b_sub,&qr_pv,Y,mb.rnn1,desc_A,org_A,b + IA,JA)
   110 |    invT = malloc((unsigned long long) (8ll * (b * b)));
   700 |    if (!(0ll != 8ll * (b * b))) goto lab_27;
   702 |    __memset(((char *)invT + (8ll)*((long long) 0)),(long long) 0,((8ll * (b * b)) / 8ll) * 8ll);
   701 |  lab_27:
   112 |    compute_invT_from_Y(double const*, long, double*, long, long, long, pview*)(Y,mb.rnn1,invT,b,mb.rnn1,b,pv)
   115 |    W = malloc((unsigned long long) (8ll * (kb.rnn0 * b)));
   118 |    CTF_Timer::CTF_Timer(char const*)(&t,"WeqAxY");
            __es.__c4@3 = 2u;
            CTF_Timer::start()(&t)
            __es.__c4@3 = 0u;
            CTF_Timer::~CTF_Timer()(&t);
   119 |    if (!(mb.rnn1 != 0ll)) goto lab_31;
            if (!(kb.rnn0 != 0ll)) goto lab_31;
   120 |    cdgemm(char, char, int, int, int, double, double const*, int, double const*, int, double, double*, int)(84u,78u,(int) b,(int) kb.rnn0,(int) mb.rnn1, 1.0000000000000000E+000,Y,(int) mb.rnn1,((char *)A  + (loc_col_offset + loc_row_offset) * 8ll),(int) lda_A, 0.0000000000000000E+000,W,(int) b)
            goto lab_34;
          lab_31:
   700 |    if (!(0ll != 8ll * (kb.rnn0 * b))) goto lab_37;
   702 |    __memset(((char *)W + (8ll)*((long long) 0)),(long long) 0,((8ll * (kb.rnn0 * b)) / 8ll) * 8ll);
   701 |  lab_37:
   739 |  lab_34:
   124 |    if (!(((int *)(pv + 8))[28 / 4] == ((int *)(pv + 8))[8 / 4])) goto lab_38;
   125 |    CTF_Timer::CTF_Timer(char const*)(&__t,"MPI_Reduce");
            __es.__c4@3 = 3u;
            CTF_Timer::start()(&__t)
            PMPI_Reduce((char *) -1,W,(int) (kb.rnn0 * b),1275070475,1476395011,((int *)(pv + 8))[8 / 4],((int *)pv)[28 / 4]);
            CTF_Timer::stop()(&__t)
            __es.__c4@3 = 0u;
            CTF_Timer::~CTF_Timer()(&__t);
   126 |    goto lab_43;
          lab_38:
   127 |    CTF_Timer::CTF_Timer(char const*)(&__t,"MPI_Reduce");
            __es.__c4@3 = 4u;
            CTF_Timer::start()(&__t)
            PMPI_Reduce(W,NULL,(int) (kb.rnn0 * b),1275070475,1476395011,((int *)(pv + 8))[8 / 4],((int *)pv)[28 / 4]);
            CTF_Timer::stop()(&__t)
            __es.__c4@3 = 0u;
            CTF_Timer::~CTF_Timer()(&__t);
   128 |  lab_43:
   129 |    CTF_Timer::CTF_Timer(char const*)(&t,"WeqAxY");
            __es.__c4@3 = 5u;
            CTF_Timer::stop()(&t)
            __es.__c4@3 = 0u;
            CTF_Timer::~CTF_Timer()(&t);
   132 |    U = Y;
   134 |    V = W;
   138 |    CTF_Timer::CTF_Timer(char const*)(&t,"computeUandV");
            __es.__c4@3 = 6u;
            CTF_Timer::start()(&t)
            __es.__c4@3 = 0u;
            CTF_Timer::~CTF_Timer()(&t);
   139 |    if (!(((int *)(pv + 8))[28 / 4] == ((int *)(pv + 8))[8 / 4])) goto lab_53;
   140 |    if (kb.rnn0 == mb.rnn1) goto lab_57;
            __assert_fail("kb==mb","full_to_band_scala.cxx",140u,&__func__)
            return;
          lab_57:
   156 |    Z = malloc((unsigned long long) (8ll * (b * b)));
   157 |    if (!(mb.rnn1 != 0ll)) goto lab_58;
   158 |    cdgemm(char, char, int, int, int, double, double const*, int, double const*, int, double, double*, int)(84u,84u,(int) b,(int) b,(int) mb.rnn1, 1.0000000000000000E+000,Y,(int) mb.rnn1,W,(int) b, 0.0000000000000000E+000,Z,(int) b)
            goto lab_60;
          lab_58:
   700 |    if (!(0ll != 8ll * (b * b))) goto lab_63;
   702 |    __memset(((char *)Z + (8ll)*((long long) 0)),(long long) 0,((8ll * (b * b)) / 8ll) * 8ll);
   701 |  lab_63:
   739 |    CTF_Timer::CTF_Timer(char const*)(&__t,"MPI_Allreduce");
            __es.__c4@3 = 7u;
            CTF_Timer::start()(&__t)
            PMPI_Allreduce((char *) -1,Z,(int) (b * b),1275070475,1476395011,((int *)pv)[48 / 4]);
            CTF_Timer::stop()(&__t)
            __es.__c4@3 = 0u;
            CTF_Timer::~CTF_Timer()(&__t);
            goto lab_67;
          lab_60:
   161 |    CTF_Timer::CTF_Timer(char const*)(&__t,"MPI_Allreduce");
            __es.__c4@3 = 7u;
            CTF_Timer::start()(&__t)
            PMPI_Allreduce((char *) -1,Z,(int) (b * b),1275070475,1476395011,((int *)pv)[48 / 4]);
            CTF_Timer::stop()(&__t)
            __es.__c4@3 = 0u;
            CTF_Timer::~CTF_Timer()(&__t);
   167 |    cdtrsm(char, char, char, char, int, int, double, double const*, int, double*, int)(82u,76u,78u,78u,(int) mb.rnn1,(int) b, 1.0000000000000000E+000,invT,(int) b,Y,(int) mb.rnn1)
   170 |    U = Y;
   179 |    cdgemm(char, char, int, int, int, double, double const*, int, double const*, int, double, double*, int)(78u,84u,(int) b,(int) mb.rnn1,(int) b,-5.0000000000000000E-001,Z,(int) b,Y,(int) mb.rnn1, 1.0000000000000000E+000,W,(int) b)
   182 |    V = W;
   183 |  lab_67:
   184 |    free(Z)
   192 |  lab_53:
   194 |    CTF_Timer::CTF_Timer(char const*)(&__t,"MPI_Barrier");
            __es.__c4@3 = 8u;
            CTF_Timer::start()(&__t)
            PMPI_Barrier(((int *)pv)[68 / 4]);
            CTF_Timer::stop()(&__t)
            __es.__c4@3 = 0u;
            CTF_Timer::~CTF_Timer()(&__t);
   195 |    CTF_Timer::CTF_Timer(char const*)(&t,"computeUandV");
            __es.__c4@3 = 9u;
            CTF_Timer::stop()(&t)
            __es.__c4@3 = 0u;
            CTF_Timer::~CTF_Timer()(&t);
   196 |    CTF_Timer::CTF_Timer(char const*)(&t,"bcastUandV");
            __es.__c4@3 = 10u;
            CTF_Timer::start()(&t)
            __es.__c4@3 = 0u;
            CTF_Timer::~CTF_Timer()(&t);
   198 |    CTF_Timer::CTF_Timer(char const*)(&__t,"MPI_Bcast");
            __es.__c4@3 = 11u;
            CTF_Timer::start()(&__t)
            PMPI_Bcast(V,(int) (kb.rnn0 * b),1275070475,((int *)(pv + 8))[8 / 4],((int *)pv)[28 / 4]);
            CTF_Timer::stop()(&__t)
            __es.__c4@3 = 0u;
            CTF_Timer::~CTF_Timer()(&__t);
   200 |    CTF_Timer::CTF_Timer(char const*)(&__t,"MPI_Bcast");
            __es.__c4@3 = 12u;
            CTF_Timer::start()(&__t)
            PMPI_Bcast(U,(int) (mb.rnn1 * b),1275070475,((int *)(pv + 8))[28 / 4],((int *)pv)[8 / 4]);
            CTF_Timer::stop()(&__t)
            __es.__c4@3 = 0u;
            CTF_Timer::~CTF_Timer()(&__t);
   201 |    CTF_Timer::CTF_Timer(char const*)(&t,"bcastUandV");
            __es.__c4@3 = 13u;
            CTF_Timer::stop()(&t)
            __es.__c4@3 = 0u;
            CTF_Timer::~CTF_Timer()(&t);
   204 |    if (!(mb.rnn1 != 0ll)) goto lab_87;
            if (!(kb.rnn0 != 0ll)) goto lab_87;
   205 |    UVT = malloc((unsigned long long) (8ll * (kb.rnn0 * mb.rnn1)));
   206 |    CTF_Timer::CTF_Timer(char const*)(&t,"gemmUxV");
            __es.__c4@3 = 14u;
            CTF_Timer::start()(&t)
            __es.__c4@3 = 0u;
            CTF_Timer::~CTF_Timer()(&t);
   207 |    cdgemm(char, char, int, int, int, double, double const*, int, double const*, int, double, double*, int)(78u,78u,(int) mb.rnn1,(int) kb.rnn0,(int) b, 1.0000000000000000E+000,U,(int) mb.rnn1,V,(int) b, 0.0000000000000000E+000,UVT,(int) mb.rnn1)
   208 |    CTF_Timer::CTF_Timer(char const*)(&t,"gemmUxV");
            __es.__c4@3 = 15u;
            CTF_Timer::stop()(&t)
            __es.__c4@3 = 0u;
            CTF_Timer::~CTF_Timer()(&t);
   210 |    free(U)
   211 |    free(V)
   214 |    CTF_Timer::CTF_Timer(char const*)(&t,"sendrecvUxV");
            __es.__c4@3 = 16u;
            CTF_Timer::start()(&t)
            __es.__c4@3 = 0u;
            CTF_Timer::~CTF_Timer()(&t);
   215 |    VUT = malloc((unsigned long long) (8ll * (kb.rnn0 * mb.rnn1)));
   216 |    CTF_Timer::CTF_Timer(char const*)(&__t,"MPI_Sendrecv");
            __es.__c4@3 = 17u;
            CTF_Timer::start()(&__t)
            PMPI_Sendrecv(UVT,(int) (kb.rnn0 * mb.rnn1),1275070475,preflect,0,VUT,(int) (kb.rnn0 * mb.rnn1),1275070475,preflect,0,((int *)pv)[68 / 4],&stat);
            CTF_Timer::stop()(&__t)
            __es.__c4@3 = 0u;
            CTF_Timer::~CTF_Timer()(&__t);
   218 |    CTF_Timer::CTF_Timer(char const*)(&t,"sendrecvUxV");
            __es.__c4@3 = 18u;
            CTF_Timer::stop()(&t)
            __es.__c4@3 = 0u;
            CTF_Timer::~CTF_Timer()(&t);
   235 |    CTF_Timer::CTF_Timer(char const*)(&t,"AminusUxV");
            __es.__c4@3 = 19u;
            CTF_Timer::start()(&t)
            __es.__c4@3 = 0u;
            CTF_Timer::~CTF_Timer()(&t);
   236 |    if (!(0ll < kb.rnn0)) goto lab_110;
            if (!(0ll < mb.rnn1)) goto lab_125;
            if (!1) goto lab_124;
            $$CIV5 = 0ll;
            do {   /* id=1 guarded */ /* ~108 */ 
              /* region = 55 */
              /* bump-normalized */
   237 |      if (!1) goto lab_113;
              $$CIV4 = 0ll;
              do {   /* id=2 guarded */ /* ~111 */ 
                /* region = 54 */
                /* bump-normalized */
                A[$$CIV4 + (lda_A * $$CIV5 + (loc_col_offset + loc_row_offset))] = A[$$CIV4 + (lda_A * $$CIV5 + (loc_col_offset + loc_row_offset))] - (UVT[mb.rnn1 * $$CIV5 + $$CIV4] + VUT[$$CIV5 + kb.rnn0 * $$CIV4]);
                $$CIV4 = $$CIV4 + 1ll;
              } while ((unsigned long long) $$CIV4 < (unsigned long long) mb.rnn1);    /* ~111 */
            lab_113:
   236 |      $$CIV5 = $$CIV5 + 1ll;
            } while ((unsigned long long) $$CIV5 < (unsigned long long) kb.rnn0);    /* ~108 */
          lab_124:
          lab_125:
          lab_110:
   241 |    CTF_Timer::CTF_Timer(char const*)(&t,"AminusUxV");
            __es.__c4@3 = 20u;
            CTF_Timer::stop()(&t)
            __es.__c4@3 = 0u;
            CTF_Timer::~CTF_Timer()(&t);
   251 |    free(VUT)
   252 |    free(UVT)
   253 |    goto lab_117;
          lab_87:
   254 |    free(U)
   255 |    free(V)
   256 |  lab_117:
   263 |    *((int *)(pv + 4)) = (int) (((long long) *((int *)(pv + 4)) + b / b_sub) % (long long) ((int *)(pv + 4))[8 / 4]);
   264 |    if (!(n - b > 0ll)) goto lab_118;
   265 |    sym_full2band_scala(double*, long, long, long, long, pview*, int const*, double*, long, long)(((char *)A  + (loc_col_offset + loc_row_offset) * 8ll),lda_A,n - b,b,b_sub,pv,desc_A,org_A,b + IA,b + JA)
   266 |  lab_118:
   267 |    CTF_Timer::CTF_Timer(char const*)(&t,"sym_full2band_scala");
            __es.__c4@3 = 21u;
            CTF_Timer::stop()(&t)
            __es.__c4@3 = 0u;
            CTF_Timer::~CTF_Timer()(&t);
   268 |  lab_123:
            return;
          } /* function */ 



Source        Source        Loop Id       Action / Information                                      
File          Line                                                                                  
----------    ----------    ----------    ----------------------------------------------------------
         0           236             1    Loop was not SIMD vectorized because the loop is not 
                                          the innermost loop.
         0           237             2    Loop was not SIMD vectorized because the 
                                          aliasing-induced dependence  prevents SIMD 
                                          vectorization.
        68           700                  Loop was not SIMD vectorized because it is not 
                                          profitable to vectorize.
        68           700                  Loop was not SIMD vectorized because it is not 
                                          profitable to vectorize.
        68           700                  Loop was not SIMD vectorized because it is not 
                                          profitable to vectorize.
        68           700                  Loop was not SIMD vectorized because it is not 
                                          profitable to vectorize.

          void __sinit65535()()
          {
    72 |    std::ios_base::Init::Init()(&__ioinit);
            __cxa_atexit(&__srterm__0(),NULL,&__dso_handle);
            return;
          } /* function */ 


          void __srterm__0()()
          {
    72 |    std::ios_base::Init::~Init()(&__ioinit);
            return;
          } /* function */ 


    32 |  void sym_full2band_scala(double*, long, long, long, long, pview*, int const*, double*, long, long)(long long *A, long long lda_A, long long n, long long b, long long b_sub, char * pv, char * desc_A, char * org_A, long long IA, long long JA)
    41 |  {
            __es.__l@0 = 0;
            __es.__t@8 = &__fsm_tab;
            __es.__this@10 = NULL;
            __es.__i@18 = 0;
            guard___func__50 = 1;
    43 |    if (!(n <= b)) goto lab_2;
            goto lab_123;
          lab_2:
    45 |    CTF_Timer::CTF_Timer(char const*)(&t,"sym_full2band_scala");
            __es.__c4@3 = 1u;
            CTF_Timer::start()(&t)
            __es.__c4@3 = 0u;
            CTF_Timer::~CTF_Timer()(&t);
    56 |    if (((int *)(pv + 4))[8 / 4] == ((int *)(pv + 4))[28 / 4]) goto lab_9;
            __assert_fail("pv->crow.np == pv->ccol.np","full_to_band_scala.cxx",56u,&__func__)
            return;
          lab_9:
    59 |    if (!(0ll == b % b_sub)) goto lab_11;
            if (b >= b_sub) goto lab_12;
          lab_11:
            __assert_fail("b%b_sub == 0 && b>=b_sub","full_to_band_scala.cxx",59u,&__func__)
            return;
          lab_12:
    62 |    preflect = ((int *)(pv + 8))[28 / 4] * ((int *)(pv + 4))[28 / 4] + ((int *)(pv + 8))[8 / 4];
    70 |    loc_row_offset = ((long long) ((((int *)(pv + 8))[28 / 4] + (((int *)(pv + 4))[28 / 4] - *((int *)pv))) % ((int *)(pv + 4))[28 / 4]) < (b / b_sub) % (long long) ((int *)(pv + 4))[28 / 4] ? (b / ((long long) ((int *)(pv + 4))[28 / 4] * b_sub)) * b_sub + b_sub : (b / ((long long) ((int *)(pv + 4))[28 / 4] * b_sub)) * b_sub);
    73 |    loc_col_offset = (b / ((long long) ((int *)(pv + 4))[8 / 4] * b_sub)) * (lda_A * b_sub);
    74 |    if (!((long long) ((((int *)(pv + 8))[8 / 4] + (((int *)(pv + 4))[8 / 4] - *((int *)(pv + 4)))) % ((int *)(pv + 4))[8 / 4]) < (b / b_sub) % (long long) ((int *)(pv + 4))[8 / 4])) goto lab_16;
    75 |    loc_col_offset = (b / ((long long) ((int *)(pv + 4))[8 / 4] * b_sub)) * (lda_A * b_sub) + lda_A * b_sub;
          lab_16:
    81 |    mb.rnn1 = (((long long) (((int *)(pv + 8))[28 / 4] + (((int *)(pv + 4))[28 / 4] - *((int *)pv))) - (b / b_sub) % (long long) ((int *)(pv + 4))[28 / 4]) % (long long) ((int *)(pv + 4))[28 / 4] < ((n - b) / b_sub) % (long long) ((int *)(pv + 4))[28 / 4] ? ((n - b) / b_sub) / (long long) ((int *)(pv + 4))[28 / 4] + 1ll : ((n - b) / b_sub) / (long long) ((int *)(pv + 4))[28 / 4]) * b_sub;
    87 |    kb.rnn0 = (((long long) (((int *)(pv + 8))[8 / 4] + (((int *)(pv + 4))[8 / 4] - *((int *)(pv + 4)))) - (b / b_sub) % (long long) ((int *)(pv + 4))[28 / 4]) % (long long) ((int *)(pv + 4))[8 / 4] < ((n - b) / b_sub) % (long long) ((int *)(pv + 4))[8 / 4] ? ((n - b) / b_sub) / (long long) ((int *)(pv + 4))[8 / 4] + 1ll : ((n - b) / b_sub) / (long long) ((int *)(pv + 4))[8 / 4]) * b_sub;
    98 |    *((int *)pv) = (int) (((long long) *((int *)pv) + b / b_sub) % (long long) ((int *)(pv + 4))[28 / 4]);
   100 |    Y = malloc((unsigned long long) (8ll * (mb.rnn1 * b)));
   700 |    if (!(0ll != 8ll * (mb.rnn1 * b))) goto lab_24;
   702 |    __memset(((char *)Y + (8ll)*((long long) 0)),(long long) 0,((8ll * (mb.rnn1 * b)) / 8ll) * 8ll);
   701 |  lab_24:
   105 |    qr_pv = *((aggr92 *)pv);
   106 |    QR_scala_2D(double*, long, long, long, long, pview*, double*, long, int const*, double*, long, long)(((char *)A  + loc_row_offset * 8ll),lda_A,n - b,b,b_sub,&qr_pv,Y,mb.rnn1,desc_A,org_A,b + IA,JA)
   110 |    invT = malloc((unsigned long long) (8ll * (b * b)));
   700 |    if (!(0ll != 8ll * (b * b))) goto lab_27;
   702 |    __memset(((char *)invT + (8ll)*((long long) 0)),(long long) 0,((8ll * (b * b)) / 8ll) * 8ll);
   701 |  lab_27:
   112 |    compute_invT_from_Y(double const*, long, double*, long, long, long, pview*)(Y,mb.rnn1,invT,b,mb.rnn1,b,pv)
   115 |    W = malloc((unsigned long long) (8ll * (kb.rnn0 * b)));
   118 |    CTF_Timer::CTF_Timer(char const*)(&t,"WeqAxY");
            __es.__c4@3 = 2u;
            CTF_Timer::start()(&t)
            __es.__c4@3 = 0u;
            CTF_Timer::~CTF_Timer()(&t);
   119 |    if (!(mb.rnn1 != 0ll)) goto lab_31;
            if (!(kb.rnn0 != 0ll)) goto lab_31;
   120 |    cdgemm(char, char, int, int, int, double, double const*, int, double const*, int, double, double*, int)(84u,78u,(int) b,(int) kb.rnn0,(int) mb.rnn1, 1.0000000000000000E+000,Y,(int) mb.rnn1,((char *)A  + (loc_col_offset + loc_row_offset) * 8ll),(int) lda_A, 0.0000000000000000E+000,W,(int) b)
            goto lab_34;
          lab_31:
   700 |    if (!(0ll != 8ll * (kb.rnn0 * b))) goto lab_37;
   702 |    __memset(((char *)W + (8ll)*((long long) 0)),(long long) 0,((8ll * (kb.rnn0 * b)) / 8ll) * 8ll);
   701 |  lab_37:
   739 |  lab_34:
   124 |    if (!(((int *)(pv + 8))[28 / 4] == ((int *)(pv + 8))[8 / 4])) goto lab_38;
   125 |    CTF_Timer::CTF_Timer(char const*)(&__t,"MPI_Reduce");
            __es.__c4@3 = 3u;
            CTF_Timer::start()(&__t)
            PMPI_Reduce((char *) -1,W,(int) (kb.rnn0 * b),1275070475,1476395011,((int *)(pv + 8))[8 / 4],((int *)pv)[28 / 4]);
            CTF_Timer::stop()(&__t)
            __es.__c4@3 = 0u;
            CTF_Timer::~CTF_Timer()(&__t);
   126 |    goto lab_43;
          lab_38:
   127 |    CTF_Timer::CTF_Timer(char const*)(&__t,"MPI_Reduce");
            __es.__c4@3 = 4u;
            CTF_Timer::start()(&__t)
            PMPI_Reduce(W,NULL,(int) (kb.rnn0 * b),1275070475,1476395011,((int *)(pv + 8))[8 / 4],((int *)pv)[28 / 4]);
            CTF_Timer::stop()(&__t)
            __es.__c4@3 = 0u;
            CTF_Timer::~CTF_Timer()(&__t);
   128 |  lab_43:
   129 |    CTF_Timer::CTF_Timer(char const*)(&t,"WeqAxY");
            __es.__c4@3 = 5u;
            CTF_Timer::stop()(&t)
            __es.__c4@3 = 0u;
            CTF_Timer::~CTF_Timer()(&t);
   132 |    U = Y;
   134 |    V = W;
   138 |    CTF_Timer::CTF_Timer(char const*)(&t,"computeUandV");
            __es.__c4@3 = 6u;
            CTF_Timer::start()(&t)
            __es.__c4@3 = 0u;
            CTF_Timer::~CTF_Timer()(&t);
   139 |    if (!(((int *)(pv + 8))[28 / 4] == ((int *)(pv + 8))[8 / 4])) goto lab_53;
   140 |    if (kb.rnn0 == mb.rnn1) goto lab_57;
            __assert_fail("kb==mb","full_to_band_scala.cxx",140u,&__func__)
            return;
          lab_57:
   156 |    Z = malloc((unsigned long long) (8ll * (b * b)));
   157 |    if (!(mb.rnn1 != 0ll)) goto lab_58;
   158 |    cdgemm(char, char, int, int, int, double, double const*, int, double const*, int, double, double*, int)(84u,84u,(int) b,(int) b,(int) mb.rnn1, 1.0000000000000000E+000,Y,(int) mb.rnn1,W,(int) b, 0.0000000000000000E+000,Z,(int) b)
            goto lab_60;
          lab_58:
   700 |    if (!(0ll != 8ll * (b * b))) goto lab_63;
   702 |    __memset(((char *)Z + (8ll)*((long long) 0)),(long long) 0,((8ll * (b * b)) / 8ll) * 8ll);
   701 |  lab_63:
   739 |    CTF_Timer::CTF_Timer(char const*)(&__t,"MPI_Allreduce");
            __es.__c4@3 = 7u;
            CTF_Timer::start()(&__t)
            PMPI_Allreduce((char *) -1,Z,(int) (b * b),1275070475,1476395011,((int *)pv)[48 / 4]);
            CTF_Timer::stop()(&__t)
            __es.__c4@3 = 0u;
            CTF_Timer::~CTF_Timer()(&__t);
            goto lab_67;
          lab_60:
   161 |    CTF_Timer::CTF_Timer(char const*)(&__t,"MPI_Allreduce");
            __es.__c4@3 = 7u;
            CTF_Timer::start()(&__t)
            PMPI_Allreduce((char *) -1,Z,(int) (b * b),1275070475,1476395011,((int *)pv)[48 / 4]);
            CTF_Timer::stop()(&__t)
            __es.__c4@3 = 0u;
            CTF_Timer::~CTF_Timer()(&__t);
   167 |    cdtrsm(char, char, char, char, int, int, double, double const*, int, double*, int)(82u,76u,78u,78u,(int) mb.rnn1,(int) b, 1.0000000000000000E+000,invT,(int) b,Y,(int) mb.rnn1)
   170 |    U = Y;
   179 |    cdgemm(char, char, int, int, int, double, double const*, int, double const*, int, double, double*, int)(78u,84u,(int) b,(int) mb.rnn1,(int) b,-5.0000000000000000E-001,Z,(int) b,Y,(int) mb.rnn1, 1.0000000000000000E+000,W,(int) b)
   182 |    V = W;
   183 |  lab_67:
   184 |    free(Z)
   192 |  lab_53:
   194 |    CTF_Timer::CTF_Timer(char const*)(&__t,"MPI_Barrier");
            __es.__c4@3 = 8u;
            CTF_Timer::start()(&__t)
            PMPI_Barrier(((int *)pv)[68 / 4]);
            CTF_Timer::stop()(&__t)
            __es.__c4@3 = 0u;
            CTF_Timer::~CTF_Timer()(&__t);
   195 |    CTF_Timer::CTF_Timer(char const*)(&t,"computeUandV");
            __es.__c4@3 = 9u;
            CTF_Timer::stop()(&t)
            __es.__c4@3 = 0u;
            CTF_Timer::~CTF_Timer()(&t);
   196 |    CTF_Timer::CTF_Timer(char const*)(&t,"bcastUandV");
            __es.__c4@3 = 10u;
            CTF_Timer::start()(&t)
            __es.__c4@3 = 0u;
            CTF_Timer::~CTF_Timer()(&t);
   198 |    CTF_Timer::CTF_Timer(char const*)(&__t,"MPI_Bcast");
            __es.__c4@3 = 11u;
            CTF_Timer::start()(&__t)
            PMPI_Bcast(V,(int) (kb.rnn0 * b),1275070475,((int *)(pv + 8))[8 / 4],((int *)pv)[28 / 4]);
            CTF_Timer::stop()(&__t)
            __es.__c4@3 = 0u;
            CTF_Timer::~CTF_Timer()(&__t);
   200 |    CTF_Timer::CTF_Timer(char const*)(&__t,"MPI_Bcast");
            __es.__c4@3 = 12u;
            CTF_Timer::start()(&__t)
            PMPI_Bcast(U,(int) (mb.rnn1 * b),1275070475,((int *)(pv + 8))[28 / 4],((int *)pv)[8 / 4]);
            CTF_Timer::stop()(&__t)
            __es.__c4@3 = 0u;
            CTF_Timer::~CTF_Timer()(&__t);
   201 |    CTF_Timer::CTF_Timer(char const*)(&t,"bcastUandV");
            __es.__c4@3 = 13u;
            CTF_Timer::stop()(&t)
            __es.__c4@3 = 0u;
            CTF_Timer::~CTF_Timer()(&t);
   204 |    if (!(mb.rnn1 != 0ll)) goto lab_87;
            if (!(kb.rnn0 != 0ll)) goto lab_87;
   205 |    UVT = malloc((unsigned long long) (8ll * (kb.rnn0 * mb.rnn1)));
   206 |    CTF_Timer::CTF_Timer(char const*)(&t,"gemmUxV");
            __es.__c4@3 = 14u;
            CTF_Timer::start()(&t)
            __es.__c4@3 = 0u;
            CTF_Timer::~CTF_Timer()(&t);
   207 |    cdgemm(char, char, int, int, int, double, double const*, int, double const*, int, double, double*, int)(78u,78u,(int) mb.rnn1,(int) kb.rnn0,(int) b, 1.0000000000000000E+000,U,(int) mb.rnn1,V,(int) b, 0.0000000000000000E+000,UVT,(int) mb.rnn1)
   208 |    CTF_Timer::CTF_Timer(char const*)(&t,"gemmUxV");
            __es.__c4@3 = 15u;
            CTF_Timer::stop()(&t)
            __es.__c4@3 = 0u;
            CTF_Timer::~CTF_Timer()(&t);
   210 |    free(U)
   211 |    free(V)
   214 |    CTF_Timer::CTF_Timer(char const*)(&t,"sendrecvUxV");
            __es.__c4@3 = 16u;
            CTF_Timer::start()(&t)
            __es.__c4@3 = 0u;
            CTF_Timer::~CTF_Timer()(&t);
   215 |    VUT = malloc((unsigned long long) (8ll * (kb.rnn0 * mb.rnn1)));
   216 |    CTF_Timer::CTF_Timer(char const*)(&__t,"MPI_Sendrecv");
            __es.__c4@3 = 17u;
            CTF_Timer::start()(&__t)
            PMPI_Sendrecv(UVT,(int) (kb.rnn0 * mb.rnn1),1275070475,preflect,0,VUT,(int) (kb.rnn0 * mb.rnn1),1275070475,preflect,0,((int *)pv)[68 / 4],&stat);
            CTF_Timer::stop()(&__t)
            __es.__c4@3 = 0u;
            CTF_Timer::~CTF_Timer()(&__t);
   218 |    CTF_Timer::CTF_Timer(char const*)(&t,"sendrecvUxV");
            __es.__c4@3 = 18u;
            CTF_Timer::stop()(&t)
            __es.__c4@3 = 0u;
            CTF_Timer::~CTF_Timer()(&t);
   235 |    CTF_Timer::CTF_Timer(char const*)(&t,"AminusUxV");
            __es.__c4@3 = 19u;
            CTF_Timer::start()(&t)
            __es.__c4@3 = 0u;
            CTF_Timer::~CTF_Timer()(&t);
   236 |    if (!(0ll < kb.rnn0)) goto lab_110;
            if (!(0ll < mb.rnn1)) goto lab_125;
            if (!1) goto lab_124;
            $$CIV5 = 0ll;
            do {   /* id=1 guarded */ /* ~108 */ 
              /* region = 55 */
              /* bump-normalized */
   237 |      if (!1) goto lab_113;
              $$CIV4 = 0ll;
              do {   /* id=2 guarded */ /* ~111 */ 
                /* region = 54 */
                /* bump-normalized */
                A[$$CIV4 + (lda_A * $$CIV5 + (loc_col_offset + loc_row_offset))] = A[$$CIV4 + (lda_A * $$CIV5 + (loc_col_offset + loc_row_offset))] - (UVT[mb.rnn1 * $$CIV5 + $$CIV4] + VUT[$$CIV5 + kb.rnn0 * $$CIV4]);
                $$CIV4 = $$CIV4 + 1ll;
              } while ((unsigned long long) $$CIV4 < (unsigned long long) mb.rnn1);    /* ~111 */
            lab_113:
   236 |      $$CIV5 = $$CIV5 + 1ll;
            } while ((unsigned long long) $$CIV5 < (unsigned long long) kb.rnn0);    /* ~108 */
          lab_124:
          lab_125:
          lab_110:
   241 |    CTF_Timer::CTF_Timer(char const*)(&t,"AminusUxV");
            __es.__c4@3 = 20u;
            CTF_Timer::stop()(&t)
            __es.__c4@3 = 0u;
            CTF_Timer::~CTF_Timer()(&t);
   251 |    free(VUT)
   252 |    free(UVT)
   253 |    goto lab_117;
          lab_87:
   254 |    free(U)
   255 |    free(V)
   256 |  lab_117:
   263 |    *((int *)(pv + 4)) = (int) (((long long) *((int *)(pv + 4)) + b / b_sub) % (long long) ((int *)(pv + 4))[8 / 4]);
   264 |    if (!(n - b > 0ll)) goto lab_118;
   265 |    sym_full2band_scala(double*, long, long, long, long, pview*, int const*, double*, long, long)(((char *)A  + (loc_col_offset + loc_row_offset) * 8ll),lda_A,n - b,b,b_sub,pv,desc_A,org_A,b + IA,b + JA)
   266 |  lab_118:
   267 |    CTF_Timer::CTF_Timer(char const*)(&t,"sym_full2band_scala");
            __es.__c4@3 = 21u;
            CTF_Timer::stop()(&t)
            __es.__c4@3 = 0u;
            CTF_Timer::~CTF_Timer()(&t);
   268 |  lab_123:
            return;
          } /* function */ 


          void __sinit65535()()
          {
    72 |    std::ios_base::Init::Init()(&__ioinit);
            __cxa_atexit(&__srterm__0(),NULL,&__dso_handle);
            return;
          } /* function */ 


          void __srterm__0()()
          {
    72 |    std::ios_base::Init::~Init()(&__ioinit);
            return;
          } /* function */ 


